<?xml version="1.0" encoding="UTF-8"?>
<!-- Generated by org.testng.reporters.JUnitReportReporter -->
<testsuite hostname="Sridevi-MB" failures="0" tests="2" name="PractisePackage.SampleTest2" time="0.031" errors="0" timestamp="2022-11-17T15:55:08 IST" skipped="0">
  <testcase classname="PractisePackage.SampleTest2" name="Script11" time="0.024"/>
  <system-out/>
  <testcase classname="PractisePackage.SampleTest2" name="Script22" time="0.007"/>
  <system-out/>
</testsuite> <!-- PractisePackage.SampleTest2 -->
