<?xml version="1.0" encoding="UTF-8"?>
<!-- Generated by org.testng.reporters.JUnitReportReporter -->
<testsuite hostname="Sridevi-MB" failures="0" tests="2" name="PractisePackage.SampleTest" time="0.014" errors="0" timestamp="2022-11-17T15:55:08 IST" skipped="0">
  <testcase classname="PractisePackage.SampleTest" name="Script2" time="0.009"/>
  <system-out/>
  <testcase classname="PractisePackage.SampleTest" name="Script1" time="0.005"/>
  <system-out/>
</testsuite> <!-- PractisePackage.SampleTest -->
